==4106== Memcheck, a memory error detector
==4106== Copyright (C) 2002-2015, and GNU GPL'd, by Julian Seward et al.
==4106== Using Valgrind-3.11.0 and LibVEX; rerun with -h for copyright info
==4106== Command: /tmp/tmpf1ybz1qt/proj1wk1_func nohousehere /comp/11/files/proj1wk1/just_houses.testdata
==4106== Parent PID: 4097
==4106== 
==4106== 
==4106== HEAP SUMMARY:
==4106==     in use at exit: 72,704 bytes in 1 blocks
==4106==   total heap usage: 6 allocs, 5 frees, 81,611 bytes allocated
==4106== 
==4106== LEAK SUMMARY:
==4106==    definitely lost: 0 bytes in 0 blocks
==4106==    indirectly lost: 0 bytes in 0 blocks
==4106==      possibly lost: 0 bytes in 0 blocks
==4106==    still reachable: 72,704 bytes in 1 blocks
==4106==         suppressed: 0 bytes in 0 blocks
==4106== Rerun with --leak-check=full to see details of leaked memory
==4106== 
==4106== For counts of detected and suppressed errors, rerun with: -v
==4106== ERROR SUMMARY: 0 errors from 0 contexts (suppressed: 6 from 6)
