==13412== Memcheck, a memory error detector
==13412== Copyright (C) 2002-2015, and GNU GPL'd, by Julian Seward et al.
==13412== Using Valgrind-3.11.0 and LibVEX; rerun with -h for copyright info
==13412== Command: /tmp/tmpdij3df_f/proj1wk1_func nohousehere /comp/11/files/proj1wk1/just_houses.testdata
==13412== Parent PID: 13394
==13412== 
==13412== 
==13412== HEAP SUMMARY:
==13412==     in use at exit: 72,704 bytes in 1 blocks
==13412==   total heap usage: 6 allocs, 5 frees, 81,611 bytes allocated
==13412== 
==13412== LEAK SUMMARY:
==13412==    definitely lost: 0 bytes in 0 blocks
==13412==    indirectly lost: 0 bytes in 0 blocks
==13412==      possibly lost: 0 bytes in 0 blocks
==13412==    still reachable: 72,704 bytes in 1 blocks
==13412==         suppressed: 0 bytes in 0 blocks
==13412== Rerun with --leak-check=full to see details of leaked memory
==13412== 
==13412== For counts of detected and suppressed errors, rerun with: -v
==13412== ERROR SUMMARY: 0 errors from 0 contexts (suppressed: 6 from 6)
